\BOOKMARK [0][-]{chapter*.1}{Abstract}{}% 1
\BOOKMARK [0][-]{chapter.1}{Introduction}{}% 2
\BOOKMARK [0][-]{chapter.2}{State of the Art}{}% 3
\BOOKMARK [1][-]{section.2.1}{The problem with evidence}{chapter.2}% 4
\BOOKMARK [1][-]{section.2.2}{Reasoning with evidence}{chapter.2}% 5
\BOOKMARK [1][-]{section.2.3}{Bayes!}{chapter.2}% 6
\BOOKMARK [1][-]{section.2.4}{Problems with the Bayesian Approach}{chapter.2}% 7
\BOOKMARK [0][-]{chapter.3}{Simulations to Evaluate Bayesian Networks.}{}% 8
\BOOKMARK [1][-]{section.3.1}{Introduction}{chapter.3}% 9
\BOOKMARK [1][-]{section.3.2}{Setting-up an Experiment}{chapter.3}% 10
\BOOKMARK [2][-]{subsection.3.2.1}{Simulation}{section.3.2}% 11
\BOOKMARK [2][-]{subsection.3.2.2}{Reporters}{section.3.2}% 12
\BOOKMARK [1][-]{section.3.3}{Creating a Bayesian Network from a Simulation Automatically}{chapter.3}% 13
\BOOKMARK [1][-]{section.3.4}{Evaluating the Bayesian Network}{chapter.3}% 14
\BOOKMARK [2][-]{subsection.3.4.1}{Structural Criteria}{section.3.4}% 15
\BOOKMARK [2][-]{subsection.3.4.2}{Performance Criteria}{section.3.4}% 16
\BOOKMARK [2][-]{subsection.3.4.3}{Human Criteria}{section.3.4}% 17
\BOOKMARK [0][-]{chapter.4}{Simple Non-Spatial Simulations}{}% 18
\BOOKMARK [1][-]{section.4.1}{Introduction}{chapter.4}% 19
\BOOKMARK [1][-]{section.4.2}{Method}{chapter.4}% 20
\BOOKMARK [2][-]{subsection.4.2.1}{Behavioural rules for the simulation}{section.4.2}% 21
\BOOKMARK [1][-]{section.4.3}{Results}{chapter.4}% 22
\BOOKMARK [1][-]{section.4.4}{Discussion}{chapter.4}% 23
\BOOKMARK [2][-]{subsection.4.4.1}{Structural Criteria}{section.4.4}% 24
\BOOKMARK [2][-]{subsection.4.4.2}{Performance Criteria}{section.4.4}% 25
\BOOKMARK [2][-]{subsection.4.4.3}{Human Criteria}{section.4.4}% 26
\BOOKMARK [2][-]{subsection.4.4.4}{Comparison to Vlek 2015}{section.4.4}% 27
\BOOKMARK [2][-]{subsection.4.4.5}{Quality of scenario}{section.4.4}% 28
\BOOKMARK [1][-]{section.4.5}{Important take-aways}{chapter.4}% 29
\BOOKMARK [2][-]{subsection.4.5.1}{We don't need the scenario node for mutual exclusivity}{section.4.5}% 30
\BOOKMARK [2][-]{subsection.4.5.2}{Resolution and number of runs}{section.4.5}% 31
\BOOKMARK [0][-]{chapter.5}{Simple Spatial Simulations}{}% 32
\BOOKMARK [1][-]{section.5.1}{Introduction}{chapter.5}% 33
\BOOKMARK [0][-]{chapter.6}{The Great Grote Markt Robbery Island Prior}{}% 34
\BOOKMARK [1][-]{section.6.1}{Introduction}{chapter.6}% 35
\BOOKMARK [0][-]{chapter.7}{Conclusion}{}% 36
\BOOKMARK [1][-]{section.7.1}{Conclusion}{chapter.7}% 37
\BOOKMARK [1][-]{section.7.2}{Future Work}{chapter.7}% 38
