\BOOKMARK [1][-]{section.1}{Introduction}{}% 1
\BOOKMARK [1][-]{section.2}{Background}{}% 2
\BOOKMARK [2][-]{subsection.2.1}{Reasoning with evidence}{section.2}% 3
\BOOKMARK [2][-]{subsection.2.2}{Bayesian Networks}{section.2}% 4
\BOOKMARK [3][-]{subsubsection.2.2.1}{Evaluating Bayesian Networks}{subsection.2.2}% 5
\BOOKMARK [2][-]{subsection.2.3}{Simulation}{section.2}% 6
\BOOKMARK [1][-]{section.3}{Method}{}% 7
\BOOKMARK [2][-]{subsection.3.1}{Scenarios}{section.3}% 8
\BOOKMARK [2][-]{subsection.3.2}{Simulation}{section.3}% 9
\BOOKMARK [2][-]{subsection.3.3}{Construction}{section.3}% 10
\BOOKMARK [2][-]{subsection.3.4}{Evaluation}{section.3}% 11
\BOOKMARK [1][-]{section.4}{Case Study: Robbery at Grote Markt}{}% 12
\BOOKMARK [2][-]{subsection.4.1}{Experimental Set-up}{section.4}% 13
\BOOKMARK [2][-]{subsection.4.2}{Scenarios}{section.4}% 14
\BOOKMARK [2][-]{subsection.4.3}{Simulation}{section.4}% 15
\BOOKMARK [3][-]{subsubsection.4.3.1}{Agents}{subsection.4.3}% 16
\BOOKMARK [3][-]{subsubsection.4.3.2}{Environment}{subsection.4.3}% 17
\BOOKMARK [3][-]{subsubsection.4.3.3}{Objects}{subsection.4.3}% 18
\BOOKMARK [3][-]{subsubsection.4.3.4}{Reporters}{subsection.4.3}% 19
\BOOKMARK [2][-]{subsection.4.4}{Construction}{section.4}% 20
\BOOKMARK [2][-]{subsection.4.5}{Evaluation}{section.4}% 21
\BOOKMARK [1][-]{section.5}{Results}{}% 22
\BOOKMARK [1][-]{section.6}{Discussion}{}% 23
\BOOKMARK [2][-]{subsection.6.1}{Evaluating BNs over all possible evidence states using simulations}{section.6}% 24
\BOOKMARK [2][-]{subsection.6.2}{Can a modeller do this?}{section.6}% 25
\BOOKMARK [2][-]{subsection.6.3}{Evaluating BNs over all possible evidence states using real life}{section.6}% 26
\BOOKMARK [2][-]{subsection.6.4}{Problems}{section.6}% 27
\BOOKMARK [2][-]{subsection.6.5}{Conclusion}{section.6}% 28
\BOOKMARK [3][-]{subsubsection.6.5.1}{Summary}{subsection.6.5}% 29
\BOOKMARK [3][-]{subsubsection.6.5.2}{Future Research}{subsection.6.5}% 30
