This is pdfTeX, Version 3.14159265-2.6-1.40.21 (TeX Live 2020) (preloaded format=pdflatex 2020.4.29)  29 JUL 2022 23:27
entering extended mode
 restricted \write18 enabled.
 file:line:error style messages enabled.
 %&-line parsing enabled.
**ThesisFinalDraft.tex
(./ThesisFinalDraft.tex
LaTeX2e <2020-02-02> patch level 5
L3 programming layer <2020-03-06>
(/usr/local/texlive/2020/texmf-dist/tex/latex/base/article.cls
Document Class: article 2019/12/20 v1.4l Standard LaTeX document class
(/usr/local/texlive/2020/texmf-dist/tex/latex/base/size12.clo
File: size12.clo 2019/12/20 v1.4l Standard LaTeX file (size option)
)
\c@part=\count167
\c@section=\count168
\c@subsection=\count169
\c@subsubsection=\count170
\c@paragraph=\count171
\c@subparagraph=\count172
\c@figure=\count173
\c@table=\count174
\abovecaptionskip=\skip47
\belowcaptionskip=\skip48
\bibindent=\dimen134
)
(/usr/local/texlive/2020/texmf-dist/tex/latex/geometry/geometry.sty
Package: geometry 2020/01/02 v5.9 Page Geometry

(/usr/local/texlive/2020/texmf-dist/tex/latex/graphics/keyval.sty
Package: keyval 2014/10/28 v1.15 key=value parser (DPC)
\KV@toks@=\toks15
)
(/usr/local/texlive/2020/texmf-dist/tex/generic/iftex/ifvtex.sty
Package: ifvtex 2019/10/25 v1.7 ifvtex legacy package. Use iftex instead.

(/usr/local/texlive/2020/texmf-dist/tex/generic/iftex/iftex.sty
Package: iftex 2020/03/06 v1.0d TeX engine tests
))
\Gm@cnth=\count175
\Gm@cntv=\count176
\c@Gm@tempcnt=\count177
\Gm@bindingoffset=\dimen135
\Gm@wd@mp=\dimen136
\Gm@odd@mp=\dimen137
\Gm@even@mp=\dimen138
\Gm@layoutwidth=\dimen139
\Gm@layoutheight=\dimen140
\Gm@layouthoffset=\dimen141
\Gm@layoutvoffset=\dimen142
\Gm@dimlist=\toks16
)
(/usr/local/texlive/2020/texmf-dist/tex/latex/graphics/graphicx.sty
Package: graphicx 2019/11/30 v1.2a Enhanced LaTeX Graphics (DPC,SPQR)

(/usr/local/texlive/2020/texmf-dist/tex/latex/graphics/graphics.sty
Package: graphics 2019/11/30 v1.4a Standard LaTeX Graphics (DPC,SPQR)

(/usr/local/texlive/2020/texmf-dist/tex/latex/graphics/trig.sty
Package: trig 2016/01/03 v1.10 sin cos tan (DPC)
)
(/usr/local/texlive/2020/texmf-dist/tex/latex/graphics-cfg/graphics.cfg
File: graphics.cfg 2016/06/04 v1.11 sample graphics configuration
)
Package graphics Info: Driver file: pdftex.def on input line 105.

(/usr/local/texlive/2020/texmf-dist/tex/latex/graphics-def/pdftex.def
File: pdftex.def 2018/01/08 v1.0l Graphics/color driver for pdftex
))
\Gin@req@height=\dimen143
\Gin@req@width=\dimen144
)
(/usr/local/texlive/2020/texmf-dist/tex/latex/amsfonts/amssymb.sty
Package: amssymb 2013/01/14 v3.01 AMS font symbols

(/usr/local/texlive/2020/texmf-dist/tex/latex/amsfonts/amsfonts.sty
Package: amsfonts 2013/01/14 v3.01 Basic AMSFonts support
\@emptytoks=\toks17
\symAMSa=\mathgroup4
\symAMSb=\mathgroup5
LaTeX Font Info:    Redeclaring math symbol \hbar on input line 98.
LaTeX Font Info:    Overwriting math alphabet `\mathfrak' in version `bold'
(Font)                  U/euf/m/n --> U/euf/b/n on input line 106.
))
(/usr/local/texlive/2020/texmf-dist/tex/latex/natbib/natbib.sty
Package: natbib 2010/09/13 8.31b (PWD, AO)
\bibhang=\skip49
\bibsep=\skip50
LaTeX Info: Redefining \cite on input line 694.
\c@NAT@ctr=\count178
)
(/usr/local/texlive/2020/texmf-dist/tex/latex/caption/subcaption.sty
Package: subcaption 2020/01/22 v1.3d Sub-captions (AR)

(/usr/local/texlive/2020/texmf-dist/tex/latex/caption/caption.sty
Package: caption 2020/01/03 v3.4h Customizing captions (AR)

(/usr/local/texlive/2020/texmf-dist/tex/latex/caption/caption3.sty
Package: caption3 2020/01/03 v1.8h caption3 kernel (AR)
Package caption3 Info: TeX engine: e-TeX on input line 61.
\captionmargin=\dimen145
\captionmargin@=\dimen146
\captionwidth=\dimen147
\caption@tempdima=\dimen148
\caption@indent=\dimen149
\caption@parindent=\dimen150
\caption@hangindent=\dimen151
Package caption Info: Standard document class detected.
)
\c@caption@flags=\count179
\c@continuedfloat=\count180
)
\c@subfigure=\count181
\c@subtable=\count182
)
(/usr/local/texlive/2020/texmf-dist/tex/latex/tools/longtable.sty
Package: longtable 2020/01/07 v4.13 Multi-page Table package (DPC)
\LTleft=\skip51
\LTright=\skip52
\LTpre=\skip53
\LTpost=\skip54
\LTchunksize=\count183
\LTcapwidth=\dimen152
\LT@head=\box45
\LT@firsthead=\box46
\LT@foot=\box47
\LT@lastfoot=\box48
\LT@cols=\count184
\LT@rows=\count185
\c@LT@tables=\count186
\c@LT@chunks=\count187
\LT@p@ftn=\toks18
)
(/usr/local/texlive/2020/texmf-dist/tex/latex/amsmath/amsmath.sty
Package: amsmath 2020/01/20 v2.17e AMS math features
\@mathmargin=\skip55

For additional information on amsmath, use the `?' option.
(/usr/local/texlive/2020/texmf-dist/tex/latex/amsmath/amstext.sty
Package: amstext 2000/06/29 v2.01 AMS text

(/usr/local/texlive/2020/texmf-dist/tex/latex/amsmath/amsgen.sty
File: amsgen.sty 1999/11/30 v2.0 generic functions
\@emptytoks=\toks19
\ex@=\dimen153
))
(/usr/local/texlive/2020/texmf-dist/tex/latex/amsmath/amsbsy.sty
Package: amsbsy 1999/11/29 v1.2d Bold Symbols
\pmbraise@=\dimen154
)
(/usr/local/texlive/2020/texmf-dist/tex/latex/amsmath/amsopn.sty
Package: amsopn 2016/03/08 v2.02 operator names
)
\inf@bad=\count188
LaTeX Info: Redefining \frac on input line 227.
\uproot@=\count189
\leftroot@=\count190
LaTeX Info: Redefining \overline on input line 389.
\classnum@=\count191
\DOTSCASE@=\count192
LaTeX Info: Redefining \ldots on input line 486.
LaTeX Info: Redefining \dots on input line 489.
LaTeX Info: Redefining \cdots on input line 610.
\Mathstrutbox@=\box49
\strutbox@=\box50
\big@size=\dimen155
LaTeX Font Info:    Redeclaring font encoding OML on input line 733.
LaTeX Font Info:    Redeclaring font encoding OMS on input line 734.
\macc@depth=\count193
\c@MaxMatrixCols=\count194
\dotsspace@=\muskip16
\c@parentequation=\count195
\dspbrk@lvl=\count196
\tag@help=\toks20
\row@=\count197
\column@=\count198
\maxfields@=\count199
\andhelp@=\toks21
\eqnshift@=\dimen156
\alignsep@=\dimen157
\tagshift@=\dimen158
\tagwidth@=\dimen159
\totwidth@=\dimen160
\lineht@=\dimen161
\@envbody=\toks22
\multlinegap=\skip56
\multlinetaggap=\skip57
\mathdisplay@stack=\toks23
LaTeX Info: Redefining \[ on input line 2859.
LaTeX Info: Redefining \] on input line 2860.
)
(/usr/local/texlive/2020/texmf-dist/tex/latex/amscls/amsthm.sty
Package: amsthm 2017/10/31 v2.20.4
\thm@style=\toks24
\thm@bodyfont=\toks25
\thm@headfont=\toks26
\thm@notefont=\toks27
\thm@headpunct=\toks28
\thm@preskip=\skip58
\thm@postskip=\skip59
\thm@headsep=\skip60
\dth@everypar=\toks29
)
(/usr/local/texlive/2020/texmf-dist/tex/latex/xcolor/xcolor.sty
Package: xcolor 2016/05/11 v2.12 LaTeX color extensions (UK)

(/usr/local/texlive/2020/texmf-dist/tex/latex/graphics-cfg/color.cfg
File: color.cfg 2016/01/02 v1.6 sample color configuration
)
Package xcolor Info: Driver file: pdftex.def on input line 225.
Package xcolor Info: Model `cmy' substituted by `cmy0' on input line 1348.
Package xcolor Info: Model `hsb' substituted by `rgb' on input line 1352.
Package xcolor Info: Model `RGB' extended on input line 1364.
Package xcolor Info: Model `HTML' substituted by `rgb' on input line 1366.
Package xcolor Info: Model `Hsb' substituted by `hsb' on input line 1367.
Package xcolor Info: Model `tHsb' substituted by `hsb' on input line 1368.
Package xcolor Info: Model `HSB' substituted by `hsb' on input line 1369.
Package xcolor Info: Model `Gray' substituted by `gray' on input line 1370.
Package xcolor Info: Model `wave' substituted by `hsb' on input line 1371.

(/usr/local/texlive/2020/texmf-dist/tex/latex/graphics/dvipsnam.def
File: dvipsnam.def 2016/06/17 v3.0m Driver-dependent file (DPC,SPQR)
))
(/usr/local/texlive/2020/texmf-dist/tex/latex/colortbl/colortbl.sty
Package: colortbl 2020/01/04 v1.0e Color table columns (DPC)

(/usr/local/texlive/2020/texmf-dist/tex/latex/tools/array.sty
Package: array 2019/08/31 v2.4l Tabular extension package (FMi)
\col@sep=\dimen162
\ar@mcellbox=\box51
\extrarowheight=\dimen163
\NC@list=\toks30
\extratabsurround=\skip61
\backup@length=\skip62
\ar@cellbox=\box52
)
\everycr=\toks31
\minrowclearance=\skip63
)
(/usr/local/texlive/2020/texmf-dist/tex/latex/hyperref/hyperref.sty
Package: hyperref 2020/01/14 v7.00d Hypertext links for LaTeX

(/usr/local/texlive/2020/texmf-dist/tex/generic/ltxcmds/ltxcmds.sty
Package: ltxcmds 2019/12/15 v1.24 LaTeX kernel commands for general use (HO)
)
(/usr/local/texlive/2020/texmf-dist/tex/latex/pdftexcmds/pdftexcmds.sty
Package: pdftexcmds 2019/11/24 v0.31 Utility functions of pdfTeX for LuaTeX (HO
)

(/usr/local/texlive/2020/texmf-dist/tex/generic/infwarerr/infwarerr.sty
Package: infwarerr 2019/12/03 v1.5 Providing info/warning/error messages (HO)
)
Package pdftexcmds Info: \pdf@primitive is available.
Package pdftexcmds Info: \pdf@ifprimitive is available.
Package pdftexcmds Info: \pdfdraftmode found.
)
(/usr/local/texlive/2020/texmf-dist/tex/generic/kvsetkeys/kvsetkeys.sty
Package: kvsetkeys 2019/12/15 v1.18 Key value parser (HO)
)
(/usr/local/texlive/2020/texmf-dist/tex/generic/kvdefinekeys/kvdefinekeys.sty
Package: kvdefinekeys 2019-12-19 v1.6 Define keys (HO)
)
(/usr/local/texlive/2020/texmf-dist/tex/generic/pdfescape/pdfescape.sty
Package: pdfescape 2019/12/09 v1.15 Implements pdfTeX's escape features (HO)
)
(/usr/local/texlive/2020/texmf-dist/tex/latex/hycolor/hycolor.sty
Package: hycolor 2020-01-27 v1.10 Color options for hyperref/bookmark (HO)
)
(/usr/local/texlive/2020/texmf-dist/tex/latex/letltxmacro/letltxmacro.sty
Package: letltxmacro 2019/12/03 v1.6 Let assignment for LaTeX macros (HO)
)
(/usr/local/texlive/2020/texmf-dist/tex/latex/auxhook/auxhook.sty
Package: auxhook 2019-12-17 v1.6 Hooks for auxiliary files (HO)
)
(/usr/local/texlive/2020/texmf-dist/tex/latex/kvoptions/kvoptions.sty
Package: kvoptions 2019/11/29 v3.13 Key value format for package options (HO)
)
\@linkdim=\dimen164
\Hy@linkcounter=\count266
\Hy@pagecounter=\count267

(/usr/local/texlive/2020/texmf-dist/tex/latex/hyperref/pd1enc.def
File: pd1enc.def 2020/01/14 v7.00d Hyperref: PDFDocEncoding definition (HO)
Now handling font encoding PD1 ...
... no UTF-8 mapping file for font encoding PD1
)
(/usr/local/texlive/2020/texmf-dist/tex/generic/intcalc/intcalc.sty
Package: intcalc 2019/12/15 v1.3 Expandable calculations with integers (HO)
)
(/usr/local/texlive/2020/texmf-dist/tex/generic/etexcmds/etexcmds.sty
Package: etexcmds 2019/12/15 v1.7 Avoid name clashes with e-TeX commands (HO)
)
\Hy@SavedSpaceFactor=\count268
Package hyperref Info: Option `colorlinks' set `true' on input line 4421.
Package hyperref Info: Hyper figures OFF on input line 4547.
Package hyperref Info: Link nesting OFF on input line 4552.
Package hyperref Info: Hyper index ON on input line 4555.
Package hyperref Info: Plain pages OFF on input line 4562.
Package hyperref Info: Backreferencing OFF on input line 4567.
Package hyperref Info: Implicit mode ON; LaTeX internals redefined.
Package hyperref Info: Bookmarks ON on input line 4800.
\c@Hy@tempcnt=\count269

(/usr/local/texlive/2020/texmf-dist/tex/latex/url/url.sty
\Urlmuskip=\muskip17
Package: url 2013/09/16  ver 3.4  Verb mode for urls, etc.
)
LaTeX Info: Redefining \url on input line 5159.
\XeTeXLinkMargin=\dimen165

(/usr/local/texlive/2020/texmf-dist/tex/generic/bitset/bitset.sty
Package: bitset 2019/12/09 v1.3 Handle bit-vector datatype (HO)

(/usr/local/texlive/2020/texmf-dist/tex/generic/bigintcalc/bigintcalc.sty
Package: bigintcalc 2019/12/15 v1.5 Expandable calculations on big integers (HO
)
))
\Fld@menulength=\count270
\Field@Width=\dimen166
\Fld@charsize=\dimen167
Package hyperref Info: Hyper figures OFF on input line 6430.
Package hyperref Info: Link nesting OFF on input line 6435.
Package hyperref Info: Hyper index ON on input line 6438.
Package hyperref Info: backreferencing OFF on input line 6445.
Package hyperref Info: Link coloring ON on input line 6448.
Package hyperref Info: Link coloring with OCG OFF on input line 6455.
Package hyperref Info: PDF/A mode OFF on input line 6460.
LaTeX Info: Redefining \ref on input line 6500.
LaTeX Info: Redefining \pageref on input line 6504.

(/usr/local/texlive/2020/texmf-dist/tex/generic/atbegshi/atbegshi.sty
Package: atbegshi 2019/12/05 v1.19 At begin shipout hook (HO)
)
\Hy@abspage=\count271
\c@Item=\count272
\c@Hfootnote=\count273
)
Package hyperref Info: Driver (autodetected): hpdftex.

(/usr/local/texlive/2020/texmf-dist/tex/latex/hyperref/hpdftex.def
File: hpdftex.def 2020/01/14 v7.00d Hyperref driver for pdfTeX

(/usr/local/texlive/2020/texmf-dist/tex/latex/atveryend/atveryend.sty
Package: atveryend 2019-12-11 v1.11 Hooks at the very end of document (HO)
Package atveryend Info: \enddocument detected (standard20110627).
)
\Fld@listcount=\count274
\c@bookmark@seq@number=\count275

(/usr/local/texlive/2020/texmf-dist/tex/latex/rerunfilecheck/rerunfilecheck.sty
Package: rerunfilecheck 2019/12/05 v1.9 Rerun checks for auxiliary files (HO)

(/usr/local/texlive/2020/texmf-dist/tex/generic/uniquecounter/uniquecounter.sty
Package: uniquecounter 2019/12/15 v1.4 Provide unlimited unique counter (HO)
)
Package uniquecounter Info: New unique counter `rerunfilecheck' on input line 2
86.
)
\Hy@SectionHShift=\skip64
) (/usr/local/texlive/2020/texmf-dist/tex/latex/parskip/parskip.sty
Package: parskip 2020-01-22 v2.0d non-zero parskip adjustments

(/usr/local/texlive/2020/texmf-dist/tex/latex/etoolbox/etoolbox.sty
Package: etoolbox 2019/09/21 v2.5h e-TeX tools for LaTeX (JAW)
\etb@tempcnta=\count276
))
(/usr/local/texlive/2020/texmf-dist/tex/latex/l3backend/l3backend-pdfmode.def
File: l3backend-pdfmode.def 2020-03-12 L3 backend support: PDF mode
\l__kernel_color_stack_int=\count277
\l__pdf_internal_box=\box53
)
(./ThesisFinalDraft.aux

LaTeX Warning: Label `heretic' multiply defined.


LaTeX Warning: Label ` ' multiply defined.


LaTeX Warning: Label ` ' multiply defined.


LaTeX Warning: Label ` ' multiply defined.


LaTeX Warning: Label ` ' multiply defined.


LaTeX Warning: Label ` ' multiply defined.


LaTeX Warning: Label ` ' multiply defined.

)
\openout1 = `ThesisFinalDraft.aux'.

LaTeX Font Info:    Checking defaults for OML/cmm/m/it on input line 28.
LaTeX Font Info:    ... okay on input line 28.
LaTeX Font Info:    Checking defaults for OMS/cmsy/m/n on input line 28.
LaTeX Font Info:    ... okay on input line 28.
LaTeX Font Info:    Checking defaults for OT1/cmr/m/n on input line 28.
LaTeX Font Info:    ... okay on input line 28.
LaTeX Font Info:    Checking defaults for T1/cmr/m/n on input line 28.
LaTeX Font Info:    ... okay on input line 28.
LaTeX Font Info:    Checking defaults for TS1/cmr/m/n on input line 28.
LaTeX Font Info:    ... okay on input line 28.
LaTeX Font Info:    Checking defaults for OMX/cmex/m/n on input line 28.
LaTeX Font Info:    ... okay on input line 28.
LaTeX Font Info:    Checking defaults for U/cmr/m/n on input line 28.
LaTeX Font Info:    ... okay on input line 28.
LaTeX Font Info:    Checking defaults for PD1/pdf/m/n on input line 28.
LaTeX Font Info:    ... okay on input line 28.

*geometry* driver: auto-detecting
*geometry* detected driver: pdftex
*geometry* verbose mode - [ preamble ] result:
* driver: pdftex
* paper: letterpaper
* layout: <same size as paper>
* layoutoffset:(h,v)=(0.0pt,0.0pt)
* modes: 
* h-part:(L,W,R)=(92.14519pt, 430.00462pt, 92.14519pt)
* v-part:(T,H,B)=(95.39737pt, 556.47656pt, 143.09605pt)
* \paperwidth=614.295pt
* \paperheight=794.96999pt
* \textwidth=430.00462pt
* \textheight=556.47656pt
* \oddsidemargin=19.8752pt
* \evensidemargin=19.8752pt
* \topmargin=-13.87262pt
* \headheight=12.0pt
* \headsep=25.0pt
* \topskip=12.0pt
* \footskip=30.0pt
* \marginparwidth=44.0pt
* \marginparsep=10.0pt
* \columnsep=10.0pt
* \skip\footins=10.8pt plus 4.0pt minus 2.0pt
* \hoffset=0.0pt
* \voffset=0.0pt
* \mag=1000
* \@twocolumnfalse
* \@twosidefalse
* \@mparswitchfalse
* \@reversemarginfalse
* (1in=72.27pt=25.4mm, 1cm=28.453pt)

(/usr/local/texlive/2020/texmf-dist/tex/context/base/mkii/supp-pdf.mkii
[Loading MPS to PDF converter (version 2006.09.02).]
\scratchcounter=\count278
\scratchdimen=\dimen168
\scratchbox=\box54
\nofMPsegments=\count279
\nofMParguments=\count280
\everyMPshowfont=\toks32
\MPscratchCnt=\count281
\MPscratchDim=\dimen169
\MPnumerator=\count282
\makeMPintoPDFobject=\count283
\everyMPtoPDFconversion=\toks33
) (/usr/local/texlive/2020/texmf-dist/tex/latex/epstopdf-pkg/epstopdf-base.sty
Package: epstopdf-base 2020-01-24 v2.11 Base part for package epstopdf
Package epstopdf-base Info: Redefining graphics rule for `.eps' on input line 4
85.

(/usr/local/texlive/2020/texmf-dist/tex/latex/latexconfig/epstopdf-sys.cfg
File: epstopdf-sys.cfg 2010/07/13 v1.3 Configuration of (r)epstopdf for TeX Liv
e
))
Package caption Info: Begin \AtBeginDocument code.
Package caption Info: hyperref package is loaded.
Package caption Info: longtable package is loaded.

(/usr/local/texlive/2020/texmf-dist/tex/latex/caption/ltcaption.sty
Package: ltcaption 2018/08/26 v1.4a longtable captions (AR)
)
Package caption Info: End \AtBeginDocument code.
\AtBeginShipoutBox=\box55
Package hyperref Info: Link coloring ON on input line 28.

(/usr/local/texlive/2020/texmf-dist/tex/latex/hyperref/nameref.sty
Package: nameref 2019/09/16 v2.46 Cross-referencing by name of section

(/usr/local/texlive/2020/texmf-dist/tex/latex/refcount/refcount.sty
Package: refcount 2019/12/15 v3.6 Data extraction from label references (HO)
)
(/usr/local/texlive/2020/texmf-dist/tex/generic/gettitlestring/gettitlestring.s
ty
Package: gettitlestring 2019/12/15 v1.6 Cleanup title references (HO)
)
\c@section@level=\count284
)
LaTeX Info: Redefining \ref on input line 28.
LaTeX Info: Redefining \pageref on input line 28.
LaTeX Info: Redefining \nameref on input line 28.
 (./ThesisFinalDraft.out) (./ThesisFinalDraft.out)
\@outlinefile=\write3
\openout3 = `ThesisFinalDraft.out'.

LaTeX Font Info:    Trying to load font information for U+msa on input line 30.


(/usr/local/texlive/2020/texmf-dist/tex/latex/amsfonts/umsa.fd
File: umsa.fd 2013/01/14 v3.01 AMS symbols A
)
LaTeX Font Info:    Trying to load font information for U+msb on input line 30.


(/usr/local/texlive/2020/texmf-dist/tex/latex/amsfonts/umsb.fd
File: umsb.fd 2013/01/14 v3.01 AMS symbols B
) [1

{/usr/local/texlive/2020/texmf-var/fonts/map/pdftex/updmap/pdftex.map}] [2]
(./ThesisFinalDraft.toc [3])
\tf@toc=\write4
\openout4 = `ThesisFinalDraft.toc'.

 [4] [5] [6] [7] [8]
<images/basicBayes.pdf, id=294, 1027.84pt x 602.25pt>
File: images/basicBayes.pdf Graphic file (type pdf)
<use images/basicBayes.pdf>
Package pdftex.def Info: images/basicBayes.pdf  used on input line 123.
(pdftex.def)             Requested size: 430.00462pt x 251.95998pt.
 [9] [10 <./images/basicBayes.pdf>] [11] [12] [13] [14] [15] [16] [17] [18] [19
] [20] [21] [22] [23]
<images/grotemarkt.pdf, id=460, 1027.84pt x 602.25pt>
File: images/grotemarkt.pdf Graphic file (type pdf)
<use images/grotemarkt.pdf>
Package pdftex.def Info: images/grotemarkt.pdf  used on input line 394.
(pdftex.def)             Requested size: 430.00462pt x 251.95998pt.
<images/grotemarktmap.png, id=461, 663.47874pt x 478.78876pt>
File: images/grotemarktmap.png Graphic file (type png)
<use images/grotemarktmap.png>
Package pdftex.def Info: images/grotemarktmap.png  used on input line 401.
(pdftex.def)             Requested size: 322.50346pt x 232.73097pt.
<images/agentGM.png, id=463, 648.4225pt x 434.62375pt>
File: images/agentGM.png Graphic file (type png)
<use images/agentGM.png>
Package pdftex.def Info: images/agentGM.png  used on input line 408.
(pdftex.def)             Requested size: 322.50346pt x 216.17065pt.
 [24]
[25 <./images/grotemarkt.pdf>] [26 <./images/grotemarktmap.png> <./images/agent
GM.png>]
<GroteMarktPrivateEND/bnImage/BNIMAGEGroteMarktPrivate1000.pdf, id=493, 418.563
75pt x 308.15125pt>
File: GroteMarktPrivateEND/bnImage/BNIMAGEGroteMarktPrivate1000.pdf Graphic fil
e (type pdf)
<use GroteMarktPrivateEND/bnImage/BNIMAGEGroteMarktPrivate1000.pdf>
Package pdftex.def Info: GroteMarktPrivateEND/bnImage/BNIMAGEGroteMarktPrivate1
000.pdf  used on input line 440.
(pdftex.def)             Requested size: 430.00462pt x 316.57176pt.


LaTeX Warning: Reference `nobody' on page 27 undefined on input line 450.


LaTeX Warning: Reference `whirl' on page 27 undefined on input line 450.

[27] [28 <./GroteMarktPrivateEND/bnImage/BNIMAGEGroteMarktPrivate1000.pdf>]
<GroteMarktPrivateEND/plots/accuracy.pdf, id=517, 462.52798pt x 346.89601pt>
File: GroteMarktPrivateEND/plots/accuracy.pdf Graphic file (type pdf)
<use GroteMarktPrivateEND/plots/accuracy.pdf>
Package pdftex.def Info: GroteMarktPrivateEND/plots/accuracy.pdf  used on input
 line 459.
(pdftex.def)             Requested size: 258.00539pt x 193.5141pt.
<GroteMarktPrivateEND/plots/freqStates.pdf, id=518, 462.52798pt x 346.89601pt>
File: GroteMarktPrivateEND/plots/freqStates.pdf Graphic file (type pdf)
<use GroteMarktPrivateEND/plots/freqStates.pdf>
Package pdftex.def Info: GroteMarktPrivateEND/plots/freqStates.pdf  used on inp
ut line 464.
(pdftex.def)             Requested size: 258.00539pt x 193.5141pt.

Overfull \hbox (86.00615pt too wide) in paragraph at lines 458--468
 []$$[]$ 
 []

<GroteMarktPrivateEND/plots/freq/evidence_progress_GroteMarktPrivate50_50_0.270
0.pdf, id=519, 462.52798pt x 346.89601pt>
File: GroteMarktPrivateEND/plots/freq/evidence_progress_GroteMarktPrivate50_50_
0.2700.pdf Graphic file (type pdf)
<use GroteMarktPrivateEND/plots/freq/evidence_progress_GroteMarktPrivate50_50_0
.2700.pdf>
Package pdftex.def Info: GroteMarktPrivateEND/plots/freq/evidence_progress_Grot
eMarktPrivate50_50_0.2700.pdf  used on input line 477.
(pdftex.def)             Requested size: 301.00192pt x 225.76027pt.
<GroteMarktPrivateEND/plots/freq/evidence_progress_GroteMarktPrivate1000_1000_0
.2700.pdf, id=520, 462.52798pt x 346.89601pt>
File: GroteMarktPrivateEND/plots/freq/evidence_progress_GroteMarktPrivate1000_1
000_0.2700.pdf Graphic file (type pdf)
<use GroteMarktPrivateEND/plots/freq/evidence_progress_GroteMarktPrivate1000_10
00_0.2700.pdf>
Package pdftex.def Info: GroteMarktPrivateEND/plots/freq/evidence_progress_Grot
eMarktPrivate1000_1000_0.2700.pdf  used on input line 477.
(pdftex.def)             Requested size: 301.00192pt x 225.76027pt.
<GroteMarktPrivateEND/plots/freq/evidence_progress_GroteMarktPrivate50_50_52.63
00.pdf, id=521, 462.52798pt x 346.89601pt>
File: GroteMarktPrivateEND/plots/freq/evidence_progress_GroteMarktPrivate50_50_
52.6300.pdf Graphic file (type pdf)
<use GroteMarktPrivateEND/plots/freq/evidence_progress_GroteMarktPrivate50_50_5
2.6300.pdf>
Package pdftex.def Info: GroteMarktPrivateEND/plots/freq/evidence_progress_Grot
eMarktPrivate50_50_52.6300.pdf  used on input line 484.
(pdftex.def)             Requested size: 301.00192pt x 225.76027pt.
<GroteMarktPrivateEND/plots/freq/evidence_progress_GroteMarktPrivate1000_1000_5
2.6300.pdf, id=522, 462.52798pt x 346.89601pt>
File: GroteMarktPrivateEND/plots/freq/evidence_progress_GroteMarktPrivate1000_1
000_52.6300.pdf Graphic file (type pdf)
<use GroteMarktPrivateEND/plots/freq/evidence_progress_GroteMarktPrivate1000_10
00_52.6300.pdf>
Package pdftex.def Info: GroteMarktPrivateEND/plots/freq/evidence_progress_Grot
eMarktPrivate1000_1000_52.6300.pdf  used on input line 484.
(pdftex.def)             Requested size: 301.00192pt x 225.76027pt.
[29 <./GroteMarktPrivateEND/plots/accuracy.pdf> <./GroteMarktPrivateEND/plots/f
reqStates.pdf>] [30 <./GroteMarktPrivateEND/plots/freq/evidence_progress_GroteM
arktPrivate50_50_0.2700.pdf> <./GroteMarktPrivateEND/plots/freq/evidence_progre
ss_GroteMarktPrivate1000_1000_0.2700.pdf> <./GroteMarktPrivateEND/plots/freq/ev
idence_progress_GroteMarktPrivate50_50_52.6300.pdf> <./GroteMarktPrivateEND/plo
ts/freq/evidence_progress_GroteMarktPrivate1000_1000_52.6300.pdf>] [31]

LaTeX Warning: Reference `nobody' on page 32 undefined on input line 574.

[32]
<../notebooks/manualNetwork.pdf, id=812, 335.2525pt x 381.425pt>
File: ../notebooks/manualNetwork.pdf Graphic file (type pdf)
<use ../notebooks/manualNetwork.pdf>
Package pdftex.def Info: ../notebooks/manualNetwork.pdf  used on input line 597
.
(pdftex.def)             Requested size: 301.00192pt x 342.45868pt.
 [33] [34 <../notebooks/manualNetwork.pdf>] [35]
Overfull \hbox (48.5162pt too wide) in paragraph at lines 686--687
\OT1/cmr/m/n/12 `tes-ti-mony[]kidnapping' (TK), `no[]concrete[]evidence[]for[]k
idnapping' (NK), `phonecall[]parents'
 []


Overfull \hbox (0.17647pt too wide) in paragraph at lines 686--687
\OT1/cmr/m/n/12 (PP), `car[]with[]bloodstains[]found' (CB), `body[]found' (BF),
 `signs[]of[]violence' (SV),
 []

[36]
<images/oldnetwork.pdf, id=842, 578.16pt x 213.79875pt>
File: images/oldnetwork.pdf Graphic file (type pdf)
<use images/oldnetwork.pdf>
Package pdftex.def Info: images/oldnetwork.pdf  used on input line 690.
(pdftex.def)             Requested size: 430.00462pt x 159.01111pt.
 [37 <./images/oldnetwork.pdf>]
Overfull \hbox (85.05139pt too wide) in paragraph at lines 704--717
 [] 
 []

[38] [39] [40] [41] [42]

Package hyperref Warning: Difference (2) between bookmark levels is greater 
(hyperref)                than one, level fixed on input line 777.

[43] [44] (./ThesisFinalDraft.bbl [45] [46]) [47] [48] (./tableAutomatic.tex)
(./tableOrder.tex
Overfull \hbox (72.8604pt too wide) in paragraph at lines 4--5
[]\OT1/cmr/m/n/12 'testimony[]amnesia' (TA), 'Med-i-cal[]investigation[]found[]
no[]amnesia' (MA), 'tes-ti-mony[]kidnapping'
 []


Overfull \hbox (7.86607pt too wide) in paragraph at lines 4--5
\OT1/cmr/m/n/12 (TK), 'no[]concrete[]evidence[]for[]kidnapping' (NK), 'car[]wit
h[]bloodstains[]found' (CB),
 []


Overfull \hbox (66.52856pt too wide) in paragraph at lines 4--5
\OT1/cmr/m/n/12 'phonecall[]parents' (PP), 'body[]found' (BF), 'signs[]of[]viol
ence' (SV), 'phonecall[]with[]friend'(PF),
 []


Overfull \hbox (84.13037pt too wide) in alignment at lines 8--32
 [] [] [] [] 
 []


Underfull \vbox (badness 10000) detected at line 32
 []

[49] [50]
Overfull \hbox (84.13037pt too wide) in alignment at lines 32--52
 [] [] [] [] 
 []


Overfull \hbox (84.13037pt too wide) in alignment at lines 52--72
 [] [] [] [] 
 []

[51]
Overfull \hbox (84.13037pt too wide) in alignment at lines 72--92
 [] [] [] [] 
 []


Overfull \hbox (84.13037pt too wide) in alignment at lines 92--112
 [] [] [] [] 
 []

[52]
Overfull \hbox (84.13037pt too wide) in alignment at lines 112--132
 [] [] [] [] 
 []


Overfull \hbox (84.13037pt too wide) in alignment at lines 132--152
 [] [] [] [] 
 []

[53]
Overfull \hbox (84.13037pt too wide) in alignment at lines 152--172
 [] [] [] [] 
 []

[54]
Overfull \hbox (84.13037pt too wide) in alignment at lines 172--192
 [] [] [] [] 
 []


Overfull \hbox (84.13037pt too wide) in alignment at lines 192--212
 [] [] [] [] 
 []

[55]
Overfull \hbox (84.13037pt too wide) in alignment at lines 212--232
 [] [] [] [] 
 []


Overfull \hbox (84.13037pt too wide) in alignment at lines 232--252
 [] [] [] [] 
 []

[56]
Overfull \hbox (84.13037pt too wide) in alignment at lines 252--272
 [] [] [] [] 
 []


Overfull \hbox (84.13037pt too wide) in alignment at lines 272--292
 [] [] [] [] 
 []

[57]
Overfull \hbox (84.13037pt too wide) in alignment at lines 292--312
 [] [] [] [] 
 []


Overfull \hbox (84.13037pt too wide) in alignment at lines 312--332
 [] [] [] [] 
 []

[58]
Overfull \hbox (84.13037pt too wide) in alignment at lines 332--352
 [] [] [] [] 
 []


Overfull \hbox (84.13037pt too wide) in alignment at lines 352--372
 [] [] [] [] 
 []

[59]
Overfull \hbox (84.13037pt too wide) in alignment at lines 372--392
 [] [] [] [] 
 []


Overfull \hbox (84.13037pt too wide) in alignment at lines 392--412
 [] [] [] [] 
 []

[60]
Overfull \hbox (84.13037pt too wide) in alignment at lines 412--432
 [] [] [] [] 
 []


Overfull \hbox (84.13037pt too wide) in alignment at lines 432--452
 [] [] [] [] 
 []

[61]
Overfull \hbox (84.13037pt too wide) in alignment at lines 452--472
 [] [] [] [] 
 []


Overfull \hbox (84.13037pt too wide) in alignment at lines 472--492
 [] [] [] [] 
 []

[62]
Overfull \hbox (84.13037pt too wide) in alignment at lines 492--512
 [] [] [] [] 
 []


Overfull \hbox (84.13037pt too wide) in alignment at lines 512--532
 [] [] [] [] 
 []

[63]
Overfull \hbox (84.13037pt too wide) in alignment at lines 532--552
 [] [] [] [] 
 []

[64]
Overfull \hbox (84.13037pt too wide) in alignment at lines 552--572
 [] [] [] [] 
 []


Overfull \hbox (84.13037pt too wide) in alignment at lines 572--592
 [] [] [] [] 
 []

[65]
Overfull \hbox (84.13037pt too wide) in alignment at lines 592--612
 [] [] [] [] 
 []


Overfull \hbox (84.13037pt too wide) in alignment at lines 612--632
 [] [] [] [] 
 []

[66]
Overfull \hbox (84.13037pt too wide) in alignment at lines 632--652
 [] [] [] [] 
 []


Overfull \hbox (84.13037pt too wide) in alignment at lines 652--672
 [] [] [] [] 
 []

[67]
Overfull \hbox (84.13037pt too wide) in alignment at lines 672--692
 [] [] [] [] 
 []


Overfull \hbox (84.13037pt too wide) in alignment at lines 692--712
 [] [] [] [] 
 []

[68]
Overfull \hbox (84.13037pt too wide) in alignment at lines 712--732
 [] [] [] [] 
 []


Overfull \hbox (84.13037pt too wide) in alignment at lines 732--752
 [] [] [] [] 
 []

[69]
Overfull \hbox (84.13037pt too wide) in alignment at lines 752--772
 [] [] [] [] 
 []


Overfull \hbox (84.13037pt too wide) in alignment at lines 772--792
 [] [] [] [] 
 []

[70]
Overfull \hbox (84.13037pt too wide) in alignment at lines 792--812
 [] [] [] [] 
 []


Overfull \hbox (84.13037pt too wide) in alignment at lines 812--832
 [] [] [] [] 
 []

[71]
Overfull \hbox (84.13037pt too wide) in alignment at lines 832--852
 [] [] [] [] 
 []


Overfull \hbox (84.13037pt too wide) in alignment at lines 852--872
 [] [] [] [] 
 []

[72]
Overfull \hbox (84.13037pt too wide) in alignment at lines 872--892
 [] [] [] [] 
 []


Overfull \hbox (84.13037pt too wide) in alignment at lines 892--912
 [] [] [] [] 
 []

[73] [74])
Package atveryend Info: Empty hook `BeforeClearDocument' on input line 810.
 [75]
Package atveryend Info: Empty hook `AfterLastShipout' on input line 810.
 (./ThesisFinalDraft.aux)
Package atveryend Info: Executing hook `AtVeryEndDocument' on input line 810.
Package atveryend Info: Executing hook `AtEndAfterFileList' on input line 810.
Package rerunfilecheck Info: File `ThesisFinalDraft.out' has not changed.
(rerunfilecheck)             Checksum: BD851A959E3605BBF2A189034E4FFDB4;2248.


LaTeX Warning: There were undefined references.


LaTeX Warning: There were multiply-defined labels.

Package atveryend Info: Empty hook `AtVeryVeryEnd' on input line 810.
 ) 
Here is how much of TeX's memory you used:
 9791 strings out of 480608
 147548 string characters out of 5903630
 455330 words of memory out of 5000000
 25297 multiletter control sequences out of 15000+600000
 543978 words of font info for 70 fonts, out of 8000000 for 9000
 1141 hyphenation exceptions out of 8191
 48i,10n,51p,1539b,517s stack positions out of 5000i,500n,10000p,200000b,80000s
</usr/local/texlive/2020/texmf-dist/fonts/type1/public/amsfonts/cm/cmbx12.pfb
></usr/local/texlive/2020/texmf-dist/fonts/type1/public/amsfonts/cm/cmex10.pfb>
</usr/local/texlive/2020/texmf-dist/fonts/type1/public/amsfonts/cm/cmmi12.pfb><
/usr/local/texlive/2020/texmf-dist/fonts/type1/public/amsfonts/cm/cmmi8.pfb></u
sr/local/texlive/2020/texmf-dist/fonts/type1/public/amsfonts/cm/cmr10.pfb></usr
/local/texlive/2020/texmf-dist/fonts/type1/public/amsfonts/cm/cmr12.pfb></usr/l
ocal/texlive/2020/texmf-dist/fonts/type1/public/amsfonts/cm/cmr17.pfb></usr/loc
al/texlive/2020/texmf-dist/fonts/type1/public/amsfonts/cm/cmr7.pfb></usr/local/
texlive/2020/texmf-dist/fonts/type1/public/amsfonts/cm/cmr8.pfb></usr/local/tex
live/2020/texmf-dist/fonts/type1/public/amsfonts/cm/cmsy10.pfb></usr/local/texl
ive/2020/texmf-dist/fonts/type1/public/amsfonts/cm/cmsy8.pfb></usr/local/texliv
e/2020/texmf-dist/fonts/type1/public/amsfonts/cm/cmti12.pfb></usr/local/texlive
/2020/texmf-dist/fonts/type1/public/amsfonts/cm/cmtt10.pfb></usr/local/texlive/
2020/texmf-dist/fonts/type1/public/amsfonts/cm/cmtt12.pfb>
Output written on ThesisFinalDraft.pdf (75 pages, 1318828 bytes).
PDF statistics:
 1144 PDF objects out of 1200 (max. 8388607)
 785 compressed objects within 8 object streams
 198 named destinations out of 1000 (max. 500000)
 338 words of extra memory for PDF output out of 10000 (max. 10000000)

