This is pdfTeX, Version 3.14159265-2.6-1.40.21 (TeX Live 2020) (preloaded format=pdflatex 2020.4.29)  14 MAR 2022 16:23
entering extended mode
 restricted \write18 enabled.
 file:line:error style messages enabled.
 %&-line parsing enabled.
**tablesFin.tex
(./tablesFin.tex
LaTeX2e <2020-02-02> patch level 5
L3 programming layer <2020-03-06>
(/usr/local/texlive/2020/texmf-dist/tex/latex/amscls/amsart.cls
Document Class: amsart 2017/10/31 v2.20.4
\linespacing=\dimen134
\normalparindent=\dimen135
\normaltopskip=\skip47
(/usr/local/texlive/2020/texmf-dist/tex/latex/amsmath/amsmath.sty
Package: amsmath 2020/01/20 v2.17e AMS math features
\@mathmargin=\skip48

For additional information on amsmath, use the `?' option.
(/usr/local/texlive/2020/texmf-dist/tex/latex/amsmath/amstext.sty
Package: amstext 2000/06/29 v2.01 AMS text

(/usr/local/texlive/2020/texmf-dist/tex/latex/amsmath/amsgen.sty
File: amsgen.sty 1999/11/30 v2.0 generic functions
\@emptytoks=\toks15
\ex@=\dimen136
))
(/usr/local/texlive/2020/texmf-dist/tex/latex/amsmath/amsbsy.sty
Package: amsbsy 1999/11/29 v1.2d Bold Symbols
\pmbraise@=\dimen137
)
(/usr/local/texlive/2020/texmf-dist/tex/latex/amsmath/amsopn.sty
Package: amsopn 2016/03/08 v2.02 operator names
)
\inf@bad=\count167
LaTeX Info: Redefining \frac on input line 227.
\uproot@=\count168
\leftroot@=\count169
LaTeX Info: Redefining \overline on input line 389.
\classnum@=\count170
\DOTSCASE@=\count171
LaTeX Info: Redefining \ldots on input line 486.
LaTeX Info: Redefining \dots on input line 489.
LaTeX Info: Redefining \cdots on input line 610.
\Mathstrutbox@=\box45
\strutbox@=\box46
\big@size=\dimen138
LaTeX Font Info:    Redeclaring font encoding OML on input line 733.
LaTeX Font Info:    Redeclaring font encoding OMS on input line 734.
\macc@depth=\count172
\c@MaxMatrixCols=\count173
\dotsspace@=\muskip16
\c@parentequation=\count174
\dspbrk@lvl=\count175
\tag@help=\toks16
\row@=\count176
\column@=\count177
\maxfields@=\count178
\andhelp@=\toks17
\eqnshift@=\dimen139
\alignsep@=\dimen140
\tagshift@=\dimen141
\tagwidth@=\dimen142
\totwidth@=\dimen143
\lineht@=\dimen144
\@envbody=\toks18
\multlinegap=\skip49
\multlinetaggap=\skip50
\mathdisplay@stack=\toks19
LaTeX Info: Redefining \[ on input line 2859.
LaTeX Info: Redefining \] on input line 2860.
)
LaTeX Font Info:    Trying to load font information for U+msa on input line 398
.

(/usr/local/texlive/2020/texmf-dist/tex/latex/amsfonts/umsa.fd
File: umsa.fd 2013/01/14 v3.01 AMS symbols A
)
(/usr/local/texlive/2020/texmf-dist/tex/latex/amsfonts/amsfonts.sty
Package: amsfonts 2013/01/14 v3.01 Basic AMSFonts support
\symAMSa=\mathgroup4
\symAMSb=\mathgroup5
LaTeX Font Info:    Redeclaring math symbol \hbar on input line 98.
LaTeX Font Info:    Overwriting math alphabet `\mathfrak' in version `bold'
(Font)                  U/euf/m/n --> U/euf/b/n on input line 106.
)
\copyins=\insert199
\abstractbox=\box47
\listisep=\skip51
\c@part=\count179
\c@section=\count180
\c@subsection=\count181
\c@subsubsection=\count182
\c@paragraph=\count183
\c@subparagraph=\count184
\c@figure=\count185
\c@table=\count186
\abovecaptionskip=\skip52
\belowcaptionskip=\skip53
\captionindent=\dimen145
\thm@style=\toks20
\thm@bodyfont=\toks21
\thm@headfont=\toks22
\thm@notefont=\toks23
\thm@headpunct=\toks24
\thm@preskip=\skip54
\thm@postskip=\skip55
\thm@headsep=\skip56
\dth@everypar=\toks25
)
(/usr/local/texlive/2020/texmf-dist/tex/latex/geometry/geometry.sty
Package: geometry 2020/01/02 v5.9 Page Geometry

(/usr/local/texlive/2020/texmf-dist/tex/latex/graphics/keyval.sty
Package: keyval 2014/10/28 v1.15 key=value parser (DPC)
\KV@toks@=\toks26
)
(/usr/local/texlive/2020/texmf-dist/tex/generic/iftex/ifvtex.sty
Package: ifvtex 2019/10/25 v1.7 ifvtex legacy package. Use iftex instead.

(/usr/local/texlive/2020/texmf-dist/tex/generic/iftex/iftex.sty
Package: iftex 2020/03/06 v1.0d TeX engine tests
))
\Gm@cnth=\count187
\Gm@cntv=\count188
\c@Gm@tempcnt=\count189
\Gm@bindingoffset=\dimen146
\Gm@wd@mp=\dimen147
\Gm@odd@mp=\dimen148
\Gm@even@mp=\dimen149
\Gm@layoutwidth=\dimen150
\Gm@layoutheight=\dimen151
\Gm@layouthoffset=\dimen152
\Gm@layoutvoffset=\dimen153
\Gm@dimlist=\toks27
)
(/usr/local/texlive/2020/texmf-dist/tex/latex/graphics/graphicx.sty
Package: graphicx 2019/11/30 v1.2a Enhanced LaTeX Graphics (DPC,SPQR)

(/usr/local/texlive/2020/texmf-dist/tex/latex/graphics/graphics.sty
Package: graphics 2019/11/30 v1.4a Standard LaTeX Graphics (DPC,SPQR)

(/usr/local/texlive/2020/texmf-dist/tex/latex/graphics/trig.sty
Package: trig 2016/01/03 v1.10 sin cos tan (DPC)
)
(/usr/local/texlive/2020/texmf-dist/tex/latex/graphics-cfg/graphics.cfg
File: graphics.cfg 2016/06/04 v1.11 sample graphics configuration
)
Package graphics Info: Driver file: pdftex.def on input line 105.

(/usr/local/texlive/2020/texmf-dist/tex/latex/graphics-def/pdftex.def
File: pdftex.def 2018/01/08 v1.0l Graphics/color driver for pdftex
))
\Gin@req@height=\dimen154
\Gin@req@width=\dimen155
)
(/usr/local/texlive/2020/texmf-dist/tex/latex/amsfonts/amssymb.sty
Package: amssymb 2013/01/14 v3.01 AMS font symbols
)
(/usr/local/texlive/2020/texmf-dist/tex/latex/epstopdf-pkg/epstopdf.sty
Package: epstopdf 2020-01-24 v2.11 Conversion with epstopdf on the fly (HO)

(/usr/local/texlive/2020/texmf-dist/tex/generic/infwarerr/infwarerr.sty
Package: infwarerr 2019/12/03 v1.5 Providing info/warning/error messages (HO)
)
(/usr/local/texlive/2020/texmf-dist/tex/latex/grfext/grfext.sty
Package: grfext 2019/12/03 v1.3 Manage graphics extensions (HO)

(/usr/local/texlive/2020/texmf-dist/tex/generic/kvdefinekeys/kvdefinekeys.sty
Package: kvdefinekeys 2019-12-19 v1.6 Define keys (HO)
)) (/usr/local/texlive/2020/texmf-dist/tex/latex/kvoptions/kvoptions.sty
Package: kvoptions 2019/11/29 v3.13 Key value format for package options (HO)

(/usr/local/texlive/2020/texmf-dist/tex/generic/ltxcmds/ltxcmds.sty
Package: ltxcmds 2019/12/15 v1.24 LaTeX kernel commands for general use (HO)
)
(/usr/local/texlive/2020/texmf-dist/tex/generic/kvsetkeys/kvsetkeys.sty
Package: kvsetkeys 2019/12/15 v1.18 Key value parser (HO)
))
(/usr/local/texlive/2020/texmf-dist/tex/latex/pdftexcmds/pdftexcmds.sty
Package: pdftexcmds 2019/11/24 v0.31 Utility functions of pdfTeX for LuaTeX (HO
)
Package pdftexcmds Info: \pdf@primitive is available.
Package pdftexcmds Info: \pdf@ifprimitive is available.
Package pdftexcmds Info: \pdfdraftmode found.
)
(/usr/local/texlive/2020/texmf-dist/tex/latex/epstopdf-pkg/epstopdf-base.sty
Package: epstopdf-base 2020-01-24 v2.11 Base part for package epstopdf
Package epstopdf-base Info: Redefining graphics rule for `.eps' on input line 4
85.
Package grfext Info: Graphics extension search list:
(grfext)             [.pdf,.png,.jpg,.mps,.jpeg,.jbig2,.jb2,.PDF,.PNG,.JPG,.JPE
G,.JBIG2,.JB2,.eps]
(grfext)             \AppendGraphicsExtensions on input line 504.

(/usr/local/texlive/2020/texmf-dist/tex/latex/latexconfig/epstopdf-sys.cfg
File: epstopdf-sys.cfg 2010/07/13 v1.3 Configuration of (r)epstopdf for TeX Liv
e
)))
(/usr/local/texlive/2020/texmf-dist/tex/latex/booktabs/booktabs.sty
Package: booktabs 2020/01/12 v1.61803398 Publication quality tables
\heavyrulewidth=\dimen156
\lightrulewidth=\dimen157
\cmidrulewidth=\dimen158
\belowrulesep=\dimen159
\belowbottomsep=\dimen160
\aboverulesep=\dimen161
\abovetopsep=\dimen162
\cmidrulesep=\dimen163
\cmidrulekern=\dimen164
\defaultaddspace=\dimen165
\@cmidla=\count190
\@cmidlb=\count191
\@aboverulesep=\dimen166
\@belowrulesep=\dimen167
\@thisruleclass=\count192
\@lastruleclass=\count193
\@thisrulewidth=\dimen168
)
(/usr/local/texlive/2020/texmf-dist/tex/latex/wasysym/wasysym.sty
Package: wasysym 2020/01/19 v2.4 Wasy-2 symbol support package
\symwasy=\mathgroup6
LaTeX Font Info:    Overwriting symbol font `wasy' in version `bold'
(Font)                  U/wasy/m/n --> U/wasy/b/n on input line 93.
)
(/usr/local/texlive/2020/texmf-dist/tex/latex/multirow/multirow.sty
Package: multirow 2019/05/31 v2.5 Span multiple rows of a table
\multirow@colwidth=\skip57
\multirow@cntb=\count194
\multirow@dima=\skip58
\bigstrutjot=\dimen169
)
(/usr/local/texlive/2020/texmf-dist/tex/latex/siunitx/siunitx.sty
(/usr/local/texlive/2020/texmf-dist/tex/latex/l3kernel/expl3.sty
Package: expl3 2020-03-06 L3 programming layer (loader) 

(/usr/local/texlive/2020/texmf-dist/tex/latex/l3backend/l3backend-pdfmode.def
File: l3backend-pdfmode.def 2020-03-12 L3 backend support: PDF mode
\l__kernel_color_stack_int=\count195
\l__pdf_internal_box=\box48
)) (/usr/local/texlive/2020/texmf-dist/tex/latex/l3packages/xparse/xparse.sty
Package: xparse 2020-03-06 L3 Experimental document command parser
\l__xparse_current_arg_int=\count196
\g__xparse_grabber_int=\count197
\l__xparse_m_args_int=\count198
\l__xparse_v_nesting_int=\count266
)
Package: siunitx 2020/02/25 v2.8b A comprehensive (SI) units package

(/usr/local/texlive/2020/texmf-dist/tex/latex/tools/array.sty
Package: array 2019/08/31 v2.4l Tabular extension package (FMi)
\col@sep=\dimen170
\ar@mcellbox=\box49
\extrarowheight=\dimen171
\NC@list=\toks28
\extratabsurround=\skip59
\backup@length=\skip60
\ar@cellbox=\box50
)
(/usr/local/texlive/2020/texmf-dist/tex/latex/l3packages/l3keys2e/l3keys2e.sty
Package: l3keys2e 2020-03-06 LaTeX2e option processing using LaTeX3 keys
)
\l__siunitx_tmp_box=\box51
\l__siunitx_tmp_dim=\dimen172
\l__siunitx_tmp_int=\count267
\l__siunitx_number_mantissa_length_int=\count268
\l__siunitx_number_uncert_length_int=\count269
\l__siunitx_round_int=\count270
\l__siunitx_process_decimal_int=\count271
\l__siunitx_process_uncertainty_int=\count272
\l__siunitx_process_fixed_int=\count273
\l__siunitx_process_integer_min_int=\count274
\l__siunitx_process_precision_int=\count275
\l__siunitx_group_min_int=\count276
\l__siunitx_angle_marker_box=\box52
\l__siunitx_angle_unit_box=\box53
\l__siunitx_angle_marker_dim=\dimen173
\l__siunitx_angle_unit_dim=\dimen174
\l__siunitx_unit_int=\count277
\l__siunitx_unit_denominator_int=\count278
\l__siunitx_unit_numerator_int=\count279
\l__siunitx_unit_prefix_int=\count280
\l__siunitx_unit_prefix_base_int=\count281
\l__siunitx_unit_prefix_gram_int=\count282
\l__siunitx_number_product_int=\count283
\c__siunitx_one_fill_skip=\skip61
\l__siunitx_table_unit_align_skip=\skip62
\l__siunitx_table_exponent_dim=\dimen175
\l__siunitx_table_integer_dim=\dimen176
\l__siunitx_table_mantissa_dim=\dimen177
\l__siunitx_table_marker_dim=\dimen178
\l__siunitx_table_result_dim=\dimen179
\l__siunitx_table_uncert_dim=\dimen180
\l__siunitx_table_fill_pre_dim=\dimen181
\l__siunitx_table_fill_post_dim=\dimen182
\l__siunitx_table_fill_mid_dim=\dimen183
\l__siunitx_table_pre_box=\box54
\l__siunitx_table_post_box=\box55
\l__siunitx_table_mantissa_box=\box56
\l__siunitx_table_result_box=\box57
\l__siunitx_table_number_align_skip=\skip63
\l__siunitx_table_text_align_skip=\skip64
(/usr/local/texlive/2020/texmf-dist/tex/latex/translator/translator.sty
Package: translator 2019-05-31 v1.12a Easy translation of strings in LaTeX
))
(/usr/local/texlive/2020/texmf-dist/tex/latex/graphics/color.sty
Package: color 2019/11/23 v1.2a Standard LaTeX Color (DPC)

(/usr/local/texlive/2020/texmf-dist/tex/latex/graphics-cfg/color.cfg
File: color.cfg 2016/01/02 v1.6 sample color configuration
)
Package color Info: Driver file: pdftex.def on input line 147.
)
(/usr/local/texlive/2020/texmf-dist/tex/latex/colortbl/colortbl.sty
Package: colortbl 2020/01/04 v1.0e Color table columns (DPC)
\everycr=\toks29
\minrowclearance=\skip65
)
(/usr/local/texlive/2020/texmf-dist/tex/latex/xcolor/xcolor.sty
Package: xcolor 2016/05/11 v2.12 LaTeX color extensions (UK)

(/usr/local/texlive/2020/texmf-dist/tex/latex/graphics-cfg/color.cfg
File: color.cfg 2016/01/02 v1.6 sample color configuration
)
Package xcolor Info: Driver file: pdftex.def on input line 225.
LaTeX Info: Redefining \color on input line 709.
Package xcolor Info: Model `cmy' substituted by `cmy0' on input line 1348.
Package xcolor Info: Model `hsb' substituted by `rgb' on input line 1352.
Package xcolor Info: Model `RGB' extended on input line 1364.
Package xcolor Info: Model `HTML' substituted by `rgb' on input line 1366.
Package xcolor Info: Model `Hsb' substituted by `hsb' on input line 1367.
Package xcolor Info: Model `tHsb' substituted by `hsb' on input line 1368.
Package xcolor Info: Model `HSB' substituted by `hsb' on input line 1369.
Package xcolor Info: Model `Gray' substituted by `gray' on input line 1370.
Package xcolor Info: Model `wave' substituted by `hsb' on input line 1371.
)
(/usr/local/texlive/2020/texmf-dist/tex/latex/adjustbox/adjustbox.sty
Package: adjustbox 2019/01/04 v1.2 Adjusting TeX boxes (trim, clip, ...)

(/usr/local/texlive/2020/texmf-dist/tex/latex/xkeyval/xkeyval.sty
Package: xkeyval 2014/12/03 v2.7a package option processing (HA)

(/usr/local/texlive/2020/texmf-dist/tex/generic/xkeyval/xkeyval.tex
(/usr/local/texlive/2020/texmf-dist/tex/generic/xkeyval/xkvutils.tex
\XKV@toks=\toks30
\XKV@tempa@toks=\toks31
)
\XKV@depth=\count284
File: xkeyval.tex 2014/12/03 v2.7a key=value parser (HA)
))
(/usr/local/texlive/2020/texmf-dist/tex/latex/adjustbox/adjcalc.sty
Package: adjcalc 2012/05/16 v1.1 Provides advanced setlength with multiple back
-ends (calc, etex, pgfmath)
)
(/usr/local/texlive/2020/texmf-dist/tex/latex/adjustbox/trimclip.sty
Package: trimclip 2018/04/08 v1.1 Trim and clip general TeX material

(/usr/local/texlive/2020/texmf-dist/tex/latex/collectbox/collectbox.sty
Package: collectbox 2012/05/17 v0.4b Collect macro arguments as boxes
\collectedbox=\box58
)
\tc@llx=\dimen184
\tc@lly=\dimen185
\tc@urx=\dimen186
\tc@ury=\dimen187
Package trimclip Info: Using driver 'tc-pdftex.def'.

(/usr/local/texlive/2020/texmf-dist/tex/latex/adjustbox/tc-pdftex.def
File: tc-pdftex.def 2019/01/04 v2.2 Clipping driver for pdftex
))
\adjbox@Width=\dimen188
\adjbox@Height=\dimen189
\adjbox@Depth=\dimen190
\adjbox@Totalheight=\dimen191
\adjbox@pwidth=\dimen192
\adjbox@pheight=\dimen193
\adjbox@pdepth=\dimen194
\adjbox@ptotalheight=\dimen195

(/usr/local/texlive/2020/texmf-dist/tex/latex/ifoddpage/ifoddpage.sty
Package: ifoddpage 2016/04/23 v1.1 Conditionals for odd/even page detection
\c@checkoddpage=\count285
)
(/usr/local/texlive/2020/texmf-dist/tex/latex/varwidth/varwidth.sty
Package: varwidth 2009/03/30 ver 0.92;  Variable-width minipages
\@vwid@box=\box59
\sift@deathcycles=\count286
\@vwid@loff=\dimen196
\@vwid@roff=\dimen197
))
(./tablesFin.aux)
\openout1 = `tablesFin.aux'.

LaTeX Font Info:    Checking defaults for OML/cmm/m/it on input line 25.
LaTeX Font Info:    ... okay on input line 25.
LaTeX Font Info:    Checking defaults for OMS/cmsy/m/n on input line 25.
LaTeX Font Info:    ... okay on input line 25.
LaTeX Font Info:    Checking defaults for OT1/cmr/m/n on input line 25.
LaTeX Font Info:    ... okay on input line 25.
LaTeX Font Info:    Checking defaults for T1/cmr/m/n on input line 25.
LaTeX Font Info:    ... okay on input line 25.
LaTeX Font Info:    Checking defaults for TS1/cmr/m/n on input line 25.
LaTeX Font Info:    ... okay on input line 25.
LaTeX Font Info:    Checking defaults for OMX/cmex/m/n on input line 25.
LaTeX Font Info:    ... okay on input line 25.
LaTeX Font Info:    Checking defaults for U/cmr/m/n on input line 25.
LaTeX Font Info:    ... okay on input line 25.
LaTeX Font Info:    Trying to load font information for U+msa on input line 25.


(/usr/local/texlive/2020/texmf-dist/tex/latex/amsfonts/umsa.fd
File: umsa.fd 2013/01/14 v3.01 AMS symbols A
)
LaTeX Font Info:    Trying to load font information for U+msb on input line 25.


(/usr/local/texlive/2020/texmf-dist/tex/latex/amsfonts/umsb.fd
File: umsb.fd 2013/01/14 v3.01 AMS symbols B
)
LaTeX Font Info:    Trying to load font information for U+wasy on input line 25
.

(/usr/local/texlive/2020/texmf-dist/tex/latex/wasysym/uwasy.fd
File: uwasy.fd 2020/01/19 v2.4 Wasy-2 symbol font definitions
)
*geometry* driver: auto-detecting
*geometry* detected driver: pdftex
*geometry* verbose mode - [ preamble ] result:
* driver: pdftex
* paper: letterpaper
* layout: <same size as paper>
* layoutoffset:(h,v)=(0.0pt,0.0pt)
* modes: twoside 
* h-part:(L,W,R)=(73.71613pt, 430.00462pt, 110.57425pt)
* v-part:(T,H,B)=(95.39737pt, 556.47656pt, 143.09605pt)
* \paperwidth=614.295pt
* \paperheight=794.96999pt
* \textwidth=430.00462pt
* \textheight=556.47656pt
* \oddsidemargin=1.44614pt
* \evensidemargin=38.30426pt
* \topmargin=1.12738pt
* \headheight=8.0pt
* \headsep=14.0pt
* \topskip=10.0pt
* \footskip=12.0pt
* \marginparwidth=90.0pt
* \marginparsep=11.0pt
* \columnsep=10.0pt
* \skip\footins=7.0pt plus 11.0pt
* \hoffset=0.0pt
* \voffset=0.0pt
* \mag=1000
* \@twocolumnfalse
* \@twosidetrue
* \@mparswitchtrue
* \@reversemarginfalse
* (1in=72.27pt=25.4mm, 1cm=28.453pt)

(/usr/local/texlive/2020/texmf-dist/tex/context/base/mkii/supp-pdf.mkii
[Loading MPS to PDF converter (version 2006.09.02).]
\scratchcounter=\count287
\scratchdimen=\dimen198
\scratchbox=\box60
\nofMPsegments=\count288
\nofMParguments=\count289
\everyMPshowfont=\toks32
\MPscratchCnt=\count290
\MPscratchDim=\dimen256
\MPnumerator=\count291
\makeMPintoPDFobject=\count292
\everyMPtoPDFconversion=\toks33
)
(/usr/local/texlive/2020/texmf-dist/tex/latex/translator/translator-basic-dicti
onary-English.dict
Dictionary: translator-basic-dictionary, Language: English 
)
(/usr/local/texlive/2020/texmf-dist/tex/latex/siunitx/siunitx-abbreviations.cfg
File: siunitx-abbreviations.cfg 2017/11/26 v2.7k siunitx: Abbreviated units
) [1{/usr/local/texlive/2020/texmf-var/fonts/map/pdftex/updmap/pdftex.map}]
[2] [3]
<images/K2Weak.png, id=17, 2370.8575pt x 1422.31375pt>
File: images/K2Weak.png Graphic file (type png)
<use images/K2Weak.png>
Package pdftex.def Info: images/K2Weak.png  used on input line 77.
(pdftex.def)             Requested size: 355.61328pt x 213.33786pt.
<images/roundedWeak.png, id=19, 2370.8575pt x 1422.31375pt>
File: images/roundedWeak.png Graphic file (type png)
<use images/roundedWeak.png>
Package pdftex.def Info: images/roundedWeak.png  used on input line 83.
(pdftex.def)             Requested size: 355.61328pt x 213.33786pt.
<images/arbitraryRoundedWeak.png, id=20, 2370.8575pt x 1422.31375pt>
File: images/arbitraryRoundedWeak.png Graphic file (type png)
<use images/arbitraryRoundedWeak.png>
Package pdftex.def Info: images/arbitraryRoundedWeak.png  used on input line 89
.
(pdftex.def)             Requested size: 403.04045pt x 241.79015pt.
<images/normalNoiseWeak.png, id=21, 2370.8575pt x 1422.31375pt>
File: images/normalNoiseWeak.png Graphic file (type png)
<use images/normalNoiseWeak.png>
Package pdftex.def Info: images/normalNoiseWeak.png  used on input line 95.
(pdftex.def)             Requested size: 403.04045pt x 241.79015pt.
<images/K2absolute.png, id=22, 2370.8575pt x 1422.31375pt>
File: images/K2absolute.png Graphic file (type png)
<use images/K2absolute.png>
Package pdftex.def Info: images/K2absolute.png  used on input line 104.
(pdftex.def)             Requested size: 403.04045pt x 241.79015pt.
<images/roundedabsolute.png, id=23, 2370.8575pt x 1422.31375pt>
File: images/roundedabsolute.png Graphic file (type png)
<use images/roundedabsolute.png>
Package pdftex.def Info: images/roundedabsolute.png  used on input line 111.
(pdftex.def)             Requested size: 403.04045pt x 241.79015pt.
<images/arbitraryRoundedabsolute.png, id=24, 2370.8575pt x 1422.31375pt>
File: images/arbitraryRoundedabsolute.png Graphic file (type png)
<use images/arbitraryRoundedabsolute.png>
Package pdftex.def Info: images/arbitraryRoundedabsolute.png  used on input lin
e 118.
(pdftex.def)             Requested size: 403.04045pt x 241.79015pt.
<images/normalNoiseabsolute.png, id=25, 2370.8575pt x 1422.31375pt>
File: images/normalNoiseabsolute.png Graphic file (type png)
<use images/normalNoiseabsolute.png>
Package pdftex.def Info: images/normalNoiseabsolute.png  used on input line 125
.
(pdftex.def)             Requested size: 403.04045pt x 241.79015pt.
<images/K2delta.png, id=26, 2370.8575pt x 1422.31375pt>
File: images/K2delta.png Graphic file (type png)
<use images/K2delta.png>
Package pdftex.def Info: images/K2delta.png  used on input line 134.
(pdftex.def)             Requested size: 403.04045pt x 241.79015pt.
<images/roundeddelta.png, id=27, 2370.8575pt x 1422.31375pt>
File: images/roundeddelta.png Graphic file (type png)
<use images/roundeddelta.png>
Package pdftex.def Info: images/roundeddelta.png  used on input line 141.
(pdftex.def)             Requested size: 403.04045pt x 241.79015pt.
<images/arbitraryRoundeddelta.png, id=28, 2370.8575pt x 1422.31375pt>
File: images/arbitraryRoundeddelta.png Graphic file (type png)
<use images/arbitraryRoundeddelta.png>
Package pdftex.def Info: images/arbitraryRoundeddelta.png  used on input line 1
48.
(pdftex.def)             Requested size: 403.04045pt x 241.79015pt.
<images/normalNoisedelta.png, id=29, 2370.8575pt x 1422.31375pt>
File: images/normalNoisedelta.png Graphic file (type png)
<use images/normalNoisedelta.png>
Package pdftex.def Info: images/normalNoisedelta.png  used on input line 155.
(pdftex.def)             Requested size: 403.04045pt x 241.79015pt.
 [4

 <./images/K2Weak.png> <./images/roundedWeak.png>] [5 <./images/arbitraryRounde
dWeak.png> <./images/normalNoiseWeak.png>] [6 <./images/K2absolute.png> <./imag
es/roundedabsolute.png>] [7 <./images/arbitraryRoundedabsolute.png> <./images/n
ormalNoiseabsolute.png>] [8 <./images/K2delta.png> <./images/roundeddelta.png>]
 [9 <./images/arbitraryRoundeddelta.png> <./images/normalNoisedelta.png>]
<images/arbitraryRoundedWeakSpider.png, id=62, 2370.8575pt x 1422.31375pt>
File: images/arbitraryRoundedWeakSpider.png Graphic file (type png)
<use images/arbitraryRoundedWeakSpider.png>
Package pdftex.def Info: images/arbitraryRoundedWeakSpider.png  used on input l
ine 174.
(pdftex.def)             Requested size: 403.04045pt x 241.79015pt.
<images/strongarbitraryRoundedspider.png, id=63, 2370.8575pt x 1422.31375pt>
File: images/strongarbitraryRoundedspider.png Graphic file (type png)
<use images/strongarbitraryRoundedspider.png>
Package pdftex.def Info: images/strongarbitraryRoundedspider.png  used on input
 line 181.
(pdftex.def)             Requested size: 403.04045pt x 241.79015pt.
<images/arbitraryRoundeddeltaSpider.png, id=64, 2370.8575pt x 1422.31375pt>
File: images/arbitraryRoundeddeltaSpider.png Graphic file (type png)
<use images/arbitraryRoundeddeltaSpider.png>
Package pdftex.def Info: images/arbitraryRoundeddeltaSpider.png  used on input 
line 188.
(pdftex.def)             Requested size: 403.04045pt x 241.79015pt.
 (../simulationTest/texTables/K2BNrounded_collected_tables.tex
(../simulationTest/texTables/outcome/weakK2BNroundedBN5.tex)
(../simulationTest/texTables/hyps/weakK2BNroundedBN5.tex
Overfull \hbox (40.44157pt too wide) in paragraph at lines 1--2
 [][] 
 []

) (../simulationTest/texTables/outcome/strongK2BNroundedBN5.tex)
(../simulationTest/texTables/hyps/strongK2BNroundedBN5.tex
Overfull \hbox (54.12907pt too wide) in paragraph at lines 1--2
 [][] 
 []

) (../simulationTest/texTables/outcome/weakK2BNroundedBN4.tex)
(../simulationTest/texTables/hyps/weakK2BNroundedBN4.tex
Overfull \hbox (40.44157pt too wide) in paragraph at lines 1--2
 [][] 
 []

) (../simulationTest/texTables/outcome/strongK2BNroundedBN4.tex)
(../simulationTest/texTables/hyps/strongK2BNroundedBN4.tex
Overfull \hbox (54.12907pt too wide) in paragraph at lines 1--2
 [][] 
 []

) (../simulationTest/texTables/outcome/weakK2BNroundedBN3.tex)
(../simulationTest/texTables/hyps/weakK2BNroundedBN3.tex
Overfull \hbox (40.44157pt too wide) in paragraph at lines 1--2
 [][] 
 []

) (../simulationTest/texTables/outcome/strongK2BNroundedBN3.tex)
(../simulationTest/texTables/hyps/strongK2BNroundedBN3.tex
Overfull \hbox (54.12907pt too wide) in paragraph at lines 1--2
 [][] 
 []

) (../simulationTest/texTables/outcome/weakK2BNroundedBN2.tex)
(../simulationTest/texTables/hyps/weakK2BNroundedBN2.tex
Overfull \hbox (40.44157pt too wide) in paragraph at lines 1--2
 [][] 
 []

) (../simulationTest/texTables/outcome/strongK2BNroundedBN2.tex)
(../simulationTest/texTables/hyps/strongK2BNroundedBN2.tex
Overfull \hbox (54.12907pt too wide) in paragraph at lines 1--2
 [][] 
 []

) (../simulationTest/texTables/outcome/weakK2BNroundedBN1.tex)
(../simulationTest/texTables/hyps/weakK2BNroundedBN1.tex
Overfull \hbox (40.44157pt too wide) in paragraph at lines 1--2
 [][] 
 []

) (../simulationTest/texTables/outcome/strongK2BNroundedBN1.tex)
(../simulationTest/texTables/hyps/strongK2BNroundedBN1.tex
Overfull \hbox (53.24019pt too wide) in paragraph at lines 1--2
 [][] 
 []

) (../simulationTest/texTables/outcome/weakK2BNroundedBN0.tex)
(../simulationTest/texTables/hyps/weakK2BNroundedBN0.tex
Overfull \hbox (40.44157pt too wide) in paragraph at lines 1--2
 [][] 
 []

) (../simulationTest/texTables/outcome/strongK2BNroundedBN0.tex)
(../simulationTest/texTables/hyps/strongK2BNroundedBN0.tex
Overfull \hbox (52.79575pt too wide) in paragraph at lines 1--2
 [][] 
 []

)) [10

 <./images/arbitraryRoundedWeakSpider.png>] [11 <./images/strongarbitraryRounde
dspider.png> <./images/arbitraryRoundeddeltaSpider.png>] [12] [13]
[14] [15] [16] [17]
(../simulationTest/texTables/K2BNarbitraryRounded_collected_tables.tex
(../simulationTest/texTables/outcome/weakK2BNarbitraryRoundedBN0.05.tex)
(../simulationTest/texTables/hyps/weakK2BNarbitraryRoundedBN0.05.tex
Overfull \hbox (40.44157pt too wide) in paragraph at lines 1--2
 [][] 
 []

) (../simulationTest/texTables/outcome/strongK2BNarbitraryRoundedBN0.05.tex)
(../simulationTest/texTables/hyps/strongK2BNarbitraryRoundedBN0.05.tex
Overfull \hbox (54.12907pt too wide) in paragraph at lines 1--2
 [][] 
 []

) (../simulationTest/texTables/outcome/weakK2BNarbitraryRoundedBN0.1.tex)
(../simulationTest/texTables/hyps/weakK2BNarbitraryRoundedBN0.1.tex
Overfull \hbox (40.44157pt too wide) in paragraph at lines 1--2
 [][] 
 []

) (../simulationTest/texTables/outcome/strongK2BNarbitraryRoundedBN0.1.tex)
(../simulationTest/texTables/hyps/strongK2BNarbitraryRoundedBN0.1.tex
Overfull \hbox (53.24019pt too wide) in paragraph at lines 1--2
 [][] 
 []

) (../simulationTest/texTables/outcome/weakK2BNarbitraryRoundedBN0.125.tex)
(../simulationTest/texTables/hyps/weakK2BNarbitraryRoundedBN0.125.tex
Overfull \hbox (40.44157pt too wide) in paragraph at lines 1--2
 [][] 
 []

) (../simulationTest/texTables/outcome/strongK2BNarbitraryRoundedBN0.125.tex)
(../simulationTest/texTables/hyps/strongK2BNarbitraryRoundedBN0.125.tex
Overfull \hbox (54.12907pt too wide) in paragraph at lines 1--2
 [][] 
 []

) (../simulationTest/texTables/outcome/weakK2BNarbitraryRoundedBN0.2.tex)
(../simulationTest/texTables/hyps/weakK2BNarbitraryRoundedBN0.2.tex
Overfull \hbox (40.44157pt too wide) in paragraph at lines 1--2
 [][] 
 []

) (../simulationTest/texTables/outcome/strongK2BNarbitraryRoundedBN0.2.tex)
(../simulationTest/texTables/hyps/strongK2BNarbitraryRoundedBN0.2.tex
Overfull \hbox (53.24019pt too wide) in paragraph at lines 1--2
 [][] 
 []

) (../simulationTest/texTables/outcome/weakK2BNarbitraryRoundedBN0.25.tex)
(../simulationTest/texTables/hyps/weakK2BNarbitraryRoundedBN0.25.tex
Overfull \hbox (40.44157pt too wide) in paragraph at lines 1--2
 [][] 
 []

) (../simulationTest/texTables/outcome/strongK2BNarbitraryRoundedBN0.25.tex)
(../simulationTest/texTables/hyps/strongK2BNarbitraryRoundedBN0.25.tex
Overfull \hbox (53.68463pt too wide) in paragraph at lines 1--2
 [][] 
 []

) (../simulationTest/texTables/outcome/weakK2BNarbitraryRoundedBN0.33.tex)
(../simulationTest/texTables/hyps/weakK2BNarbitraryRoundedBN0.33.tex
Overfull \hbox (40.44157pt too wide) in paragraph at lines 1--2
 [][] 
 []

) (../simulationTest/texTables/outcome/strongK2BNarbitraryRoundedBN0.33.tex)
(../simulationTest/texTables/hyps/strongK2BNarbitraryRoundedBN0.33.tex
Overfull \hbox (54.12907pt too wide) in paragraph at lines 1--2
 [][] 
 []

) (../simulationTest/texTables/outcome/weakK2BNarbitraryRoundedBN0.5.tex)
(../simulationTest/texTables/hyps/weakK2BNarbitraryRoundedBN0.5.tex
Overfull \hbox (40.44157pt too wide) in paragraph at lines 1--2
 [][] 
 []

) (../simulationTest/texTables/outcome/strongK2BNarbitraryRoundedBN0.5.tex)
(../simulationTest/texTables/hyps/strongK2BNarbitraryRoundedBN0.5.tex
Overfull \hbox (52.79575pt too wide) in paragraph at lines 1--2
 [][] 
 []

)) [18

] [19] [20] [21] [22] [23] [24]
(../simulationTest/texTables/K2BNnormalNoise_collected_tables.tex
(../simulationTest/texTables/outcome/weakK2BNnormalNoiseBN0.001.tex)
(../simulationTest/texTables/hyps/weakK2BNnormalNoiseBN0.001.tex
Overfull \hbox (53.73329pt too wide) in paragraph at lines 1--2
 [][] 
 []

) (../simulationTest/texTables/outcome/strongK2BNnormalNoiseBN0.001.tex)
(../simulationTest/texTables/hyps/strongK2BNnormalNoiseBN0.001.tex
Overfull \hbox (52.79575pt too wide) in paragraph at lines 1--2
 [][] 
 []

) (../simulationTest/texTables/outcome/weakK2BNnormalNoiseBN0.01.tex)
(../simulationTest/texTables/hyps/weakK2BNnormalNoiseBN0.01.tex
Overfull \hbox (41.7749pt too wide) in paragraph at lines 1--2
 [][] 
 []

) (../simulationTest/texTables/outcome/strongK2BNnormalNoiseBN0.01.tex)
(../simulationTest/texTables/hyps/strongK2BNnormalNoiseBN0.01.tex
Overfull \hbox (52.79575pt too wide) in paragraph at lines 1--2
 [][] 
 []

) (../simulationTest/texTables/outcome/weakK2BNnormalNoiseBN0.1.tex)
(../simulationTest/texTables/hyps/weakK2BNnormalNoiseBN0.1.tex
Overfull \hbox (41.7749pt too wide) in paragraph at lines 1--2
 [][] 
 []

) (../simulationTest/texTables/outcome/strongK2BNnormalNoiseBN0.1.tex)
(../simulationTest/texTables/hyps/strongK2BNnormalNoiseBN0.1.tex
Overfull \hbox (52.79575pt too wide) in paragraph at lines 1--2
 [][] 
 []

) (../simulationTest/texTables/outcome/weakK2BNnormalNoiseBN0.2.tex)
(../simulationTest/texTables/hyps/weakK2BNnormalNoiseBN0.2.tex
Overfull \hbox (41.7749pt too wide) in paragraph at lines 1--2
 [][] 
 []

) (../simulationTest/texTables/outcome/strongK2BNnormalNoiseBN0.2.tex)
(../simulationTest/texTables/hyps/strongK2BNnormalNoiseBN0.2.tex
Overfull \hbox (52.79575pt too wide) in paragraph at lines 1--2
 [][] 
 []

) (../simulationTest/texTables/outcome/weakK2BNnormalNoiseBN0.3.tex)
(../simulationTest/texTables/hyps/weakK2BNnormalNoiseBN0.3.tex
Overfull \hbox (41.7749pt too wide) in paragraph at lines 1--2
 [][] 
 []

) (../simulationTest/texTables/outcome/strongK2BNnormalNoiseBN0.3.tex)
(../simulationTest/texTables/hyps/strongK2BNnormalNoiseBN0.3.tex
Overfull \hbox (52.79575pt too wide) in paragraph at lines 1--2
 [][] 
 []

) (../simulationTest/texTables/outcome/weakK2BNnormalNoiseBN0.5.tex)
(../simulationTest/texTables/hyps/weakK2BNnormalNoiseBN0.5.tex
Overfull \hbox (41.7749pt too wide) in paragraph at lines 1--2
 [][] 
 []

) (../simulationTest/texTables/outcome/strongK2BNnormalNoiseBN0.5.tex)
(../simulationTest/texTables/hyps/strongK2BNnormalNoiseBN0.5.tex
Overfull \hbox (52.79575pt too wide) in paragraph at lines 1--2
 [][] 
 []

)) [25

] [26] [27] [28] [29] [30] (./tablesFin.aux)

LaTeX Warning: Label(s) may have changed. Rerun to get cross-references right.

 ) 
Here is how much of TeX's memory you used:
 8707 strings out of 480608
 175306 string characters out of 5903630
 627060 words of memory out of 5000000
 24080 multiletter control sequences out of 15000+600000
 544392 words of font info for 73 fonts, out of 8000000 for 9000
 1302 hyphenation exceptions out of 8191
 38i,11n,46p,3106b,486s stack positions out of 5000i,500n,10000p,200000b,80000s
</usr/local/texlive/2020/texmf-dist/fonts/type1/public/amsfonts/cm/cmbx10.pfb
></usr/local/texlive/2020/texmf-dist/fonts/type1/public/amsfonts/cm/cmcsc10.pfb
></usr/local/texlive/2020/texmf-dist/fonts/type1/public/amsfonts/cm/cmr10.pfb><
/usr/local/texlive/2020/texmf-dist/fonts/type1/public/amsfonts/cm/cmr7.pfb></us
r/local/texlive/2020/texmf-dist/fonts/type1/public/amsfonts/cm/cmr8.pfb></usr/l
ocal/texlive/2020/texmf-dist/fonts/type1/public/amsfonts/cm/cmr9.pfb>
Output written on tablesFin.pdf (30 pages, 3093937 bytes).
PDF statistics:
 155 PDF objects out of 1000 (max. 8388607)
 86 compressed objects within 1 object stream
 0 named destinations out of 1000 (max. 500000)
 76 words of extra memory for PDF output out of 10000 (max. 10000000)

